<?xml version="1.0" encoding="UTF-8"?>
<testsuites>
  <testsuite name="Package Test Suite" tests="3" assertions="0" failures="0" errors="0" time="0.010855">
    <testsuite name="LasseRafn\Dinero\Tests\DineroTest" file="/Users/lasserafn/dev-projects/packages/php-dinero/tests/DineroTest.php" tests="1" assertions="0" failures="0" errors="0" time="0.010501">
      <testcase name="Warning" assertions="0" time="0.010501"/>
    </testsuite>
    <testsuite name="LasseRafn\Dinero\Tests\RequestBuilderTest" file="/Users/lasserafn/dev-projects/packages/php-dinero/tests/RequestBuilderTest.php" tests="1" assertions="0" failures="0" errors="0" time="0.000190">
      <testcase name="Warning" assertions="0" time="0.000190"/>
    </testsuite>
    <testsuite name="LasseRafn\Dinero\Tests\RequestTest" file="/Users/lasserafn/dev-projects/packages/php-dinero/tests/RequestTest.php" tests="1" assertions="0" failures="0" errors="0" time="0.000164">
      <testcase name="Warning" assertions="0" time="0.000164"/>
    </testsuite>
  </testsuite>
</testsuites>
